<?xml version="1.0" encoding="UTF-8"?>
<testsuite name="com.mindex.challenge.DataBootstrapTest" tests="1" skipped="0" failures="0" errors="0" timestamp="2023-02-16T01:14:02" hostname="LAPTOP-UCE8G211" time="0.578">
  <properties/>
  <testcase name="test" classname="com.mindex.challenge.DataBootstrapTest" time="0.578"/>
  <system-out><![CDATA[2023-02-15 20:14:02.883  INFO 14177 --- [    Test worker] .b.t.c.SpringBootTestContextBootstrapper : Neither @ContextConfiguration nor @ContextHierarchy found for test class [com.mindex.challenge.DataBootstrapTest], using SpringBootContextLoader
2023-02-15 20:14:02.913  INFO 14177 --- [    Test worker] o.s.t.c.support.AbstractContextLoader    : Could not detect default resource locations for test class [com.mindex.challenge.DataBootstrapTest]: no resource found for suffixes {-context.xml, Context.groovy}.
2023-02-15 20:14:02.913  INFO 14177 --- [    Test worker] t.c.s.AnnotationConfigContextLoaderUtils : Could not detect default configuration classes for test class [com.mindex.challenge.DataBootstrapTest]: DataBootstrapTest does not declare any static, non-private, non-final, nested classes annotated with @Configuration.
2023-02-15 20:14:02.938  INFO 14177 --- [    Test worker] .b.t.c.SpringBootTestContextBootstrapper : Found @SpringBootConfiguration com.mindex.challenge.ChallengeApplication for test class com.mindex.challenge.DataBootstrapTest
2023-02-15 20:14:02.967  INFO 14177 --- [    Test worker] .b.t.c.SpringBootTestContextBootstrapper : Loaded default TestExecutionListener class names from location [META-INF/spring.factories]: [org.springframework.boot.test.autoconfigure.restdocs.RestDocsTestExecutionListener, org.springframework.boot.test.autoconfigure.web.client.MockRestServiceServerResetTestExecutionListener, org.springframework.boot.test.autoconfigure.web.servlet.MockMvcPrintOnlyOnFailureTestExecutionListener, org.springframework.boot.test.autoconfigure.web.servlet.WebDriverTestExecutionListener, org.springframework.boot.test.mock.mockito.MockitoTestExecutionListener, org.springframework.boot.test.mock.mockito.ResetMocksTestExecutionListener, org.springframework.test.context.web.ServletTestExecutionListener, org.springframework.test.context.support.DirtiesContextBeforeModesTestExecutionListener, org.springframework.test.context.support.DependencyInjectionTestExecutionListener, org.springframework.test.context.support.DirtiesContextTestExecutionListener, org.springframework.test.context.transaction.TransactionalTestExecutionListener, org.springframework.test.context.jdbc.SqlScriptsTestExecutionListener, org.springframework.test.context.event.EventPublishingTestExecutionListener]
2023-02-15 20:14:02.968  INFO 14177 --- [    Test worker] .b.t.c.SpringBootTestContextBootstrapper : Using TestExecutionListeners: [org.springframework.test.context.web.ServletTestExecutionListener@78c4489c, org.springframework.test.context.support.DirtiesContextBeforeModesTestExecutionListener@41031bd5, org.springframework.boot.test.mock.mockito.MockitoTestExecutionListener@72d41581, org.springframework.boot.test.autoconfigure.SpringBootDependencyInjectionTestExecutionListener@84cf7de, org.springframework.test.context.support.DirtiesContextTestExecutionListener@5296cee3, org.springframework.test.context.transaction.TransactionalTestExecutionListener@b12bad7, org.springframework.test.context.jdbc.SqlScriptsTestExecutionListener@5938ce29, org.springframework.test.context.event.EventPublishingTestExecutionListener@362520d7, org.springframework.boot.test.autoconfigure.restdocs.RestDocsTestExecutionListener@52a01126, org.springframework.boot.test.autoconfigure.web.client.MockRestServiceServerResetTestExecutionListener@4c7adda7, org.springframework.boot.test.autoconfigure.web.servlet.MockMvcPrintOnlyOnFailureTestExecutionListener@532c1b87, org.springframework.boot.test.autoconfigure.web.servlet.WebDriverTestExecutionListener@4c10aaad, org.springframework.boot.test.mock.mockito.ResetMocksTestExecutionListener@1e6bab28]
]]></system-out>
  <system-err><![CDATA[]]></system-err>
</testsuite>
