<?xml version="1.0" encoding="UTF-8"?>
<testsuite name="com.mindex.challenge.service.impl.EmployeeServiceImplTest" tests="1" skipped="0" failures="0" errors="0" timestamp="2023-02-16T01:14:20" hostname="LAPTOP-UCE8G211" time="1.772">
  <properties/>
  <testcase name="testCreateReadUpdate" classname="com.mindex.challenge.service.impl.EmployeeServiceImplTest" time="1.772"/>
  <system-out><![CDATA[2023-02-15 20:14:03.598  INFO 14177 --- [    Test worker] .b.t.c.SpringBootTestContextBootstrapper : Neither @ContextConfiguration nor @ContextHierarchy found for test class [com.mindex.challenge.service.impl.EmployeeServiceImplTest], using SpringBootContextLoader
2023-02-15 20:14:03.627  INFO 14177 --- [    Test worker] o.s.t.c.support.AbstractContextLoader    : Could not detect default resource locations for test class [com.mindex.challenge.service.impl.EmployeeServiceImplTest]: no resource found for suffixes {-context.xml, Context.groovy}.
2023-02-15 20:14:03.628  INFO 14177 --- [    Test worker] t.c.s.AnnotationConfigContextLoaderUtils : Could not detect default configuration classes for test class [com.mindex.challenge.service.impl.EmployeeServiceImplTest]: EmployeeServiceImplTest does not declare any static, non-private, non-final, nested classes annotated with @Configuration.
2023-02-15 20:14:04.095  INFO 14177 --- [    Test worker] .b.t.c.SpringBootTestContextBootstrapper : Found @SpringBootConfiguration com.mindex.challenge.ChallengeApplication for test class com.mindex.challenge.service.impl.EmployeeServiceImplTest
2023-02-15 20:14:04.107  INFO 14177 --- [    Test worker] .b.t.c.SpringBootTestContextBootstrapper : Loaded default TestExecutionListener class names from location [META-INF/spring.factories]: [org.springframework.boot.test.autoconfigure.restdocs.RestDocsTestExecutionListener, org.springframework.boot.test.autoconfigure.web.client.MockRestServiceServerResetTestExecutionListener, org.springframework.boot.test.autoconfigure.web.servlet.MockMvcPrintOnlyOnFailureTestExecutionListener, org.springframework.boot.test.autoconfigure.web.servlet.WebDriverTestExecutionListener, org.springframework.boot.test.mock.mockito.MockitoTestExecutionListener, org.springframework.boot.test.mock.mockito.ResetMocksTestExecutionListener, org.springframework.test.context.web.ServletTestExecutionListener, org.springframework.test.context.support.DirtiesContextBeforeModesTestExecutionListener, org.springframework.test.context.support.DependencyInjectionTestExecutionListener, org.springframework.test.context.support.DirtiesContextTestExecutionListener, org.springframework.test.context.transaction.TransactionalTestExecutionListener, org.springframework.test.context.jdbc.SqlScriptsTestExecutionListener, org.springframework.test.context.event.EventPublishingTestExecutionListener]
2023-02-15 20:14:04.108  INFO 14177 --- [    Test worker] .b.t.c.SpringBootTestContextBootstrapper : Using TestExecutionListeners: [org.springframework.test.context.web.ServletTestExecutionListener@2b9fb677, org.springframework.test.context.support.DirtiesContextBeforeModesTestExecutionListener@3e0abc4, org.springframework.boot.test.mock.mockito.MockitoTestExecutionListener@615855c1, org.springframework.boot.test.autoconfigure.SpringBootDependencyInjectionTestExecutionListener@fd654c, org.springframework.test.context.support.DirtiesContextTestExecutionListener@5607572a, org.springframework.test.context.transaction.TransactionalTestExecutionListener@503f68a5, org.springframework.test.context.jdbc.SqlScriptsTestExecutionListener@736ad93e, org.springframework.test.context.event.EventPublishingTestExecutionListener@18d6051a, org.springframework.boot.test.autoconfigure.restdocs.RestDocsTestExecutionListener@7404bf2d, org.springframework.boot.test.autoconfigure.web.client.MockRestServiceServerResetTestExecutionListener@5f558b48, org.springframework.boot.test.autoconfigure.web.servlet.MockMvcPrintOnlyOnFailureTestExecutionListener@7ad30ab5, org.springframework.boot.test.autoconfigure.web.servlet.WebDriverTestExecutionListener@52852e20, org.springframework.boot.test.mock.mockito.ResetMocksTestExecutionListener@3291e8a]

  .   ____          _            __ _ _
 /\\ / ___'_ __ _ _(_)_ __  __ _ \ \ \ \
( ( )\___ | '_ | '_| | '_ \/ _` | \ \ \ \
 \\/  ___)| |_)| | | | | || (_| |  ) ) ) )
  '  |____| .__|_| |_|_| |_\__, | / / / /
 =========|_|==============|___/=/_/_/_/
 :: Spring Boot ::        (v2.2.0.RELEASE)

2023-02-15 20:14:04.731  INFO 14177 --- [    Test worker] c.m.c.s.impl.EmployeeServiceImplTest     : Starting EmployeeServiceImplTest on LAPTOP-UCE8G211 with PID 14177 (started by nikita in /mnt/c/users/nikita/downloads/mindex-java-code-challenge)
2023-02-15 20:14:04.731 DEBUG 14177 --- [    Test worker] c.m.c.s.impl.EmployeeServiceImplTest     : Running with Spring Boot v2.2.0.RELEASE, Spring v5.2.0.RELEASE
2023-02-15 20:14:04.731  INFO 14177 --- [    Test worker] c.m.c.s.impl.EmployeeServiceImplTest     : No active profile set, falling back to default profiles: default
2023-02-15 20:14:07.800  INFO 14177 --- [    Test worker] .s.d.r.c.RepositoryConfigurationDelegate : Bootstrapping Spring Data repositories in DEFAULT mode.
2023-02-15 20:14:07.993  INFO 14177 --- [    Test worker] .s.d.r.c.RepositoryConfigurationDelegate : Finished Spring Data repository scanning in 192ms. Found 2 repository interfaces.
2023-02-15 20:14:12.226  INFO 14177 --- [    Test worker] o.s.b.w.embedded.tomcat.TomcatWebServer  : Tomcat initialized with port(s): 0 (http)
2023-02-15 20:14:12.375  INFO 14177 --- [    Test worker] o.apache.catalina.core.StandardService   : Starting service [Tomcat]
2023-02-15 20:14:12.375  INFO 14177 --- [    Test worker] org.apache.catalina.core.StandardEngine  : Starting Servlet engine: [Apache Tomcat/9.0.27]
2023-02-15 20:14:13.238  INFO 14177 --- [    Test worker] o.a.c.c.C.[Tomcat].[localhost].[/]       : Initializing Spring embedded WebApplicationContext
2023-02-15 20:14:13.239  INFO 14177 --- [    Test worker] o.s.web.context.ContextLoader            : Root WebApplicationContext: initialization completed in 8467 ms
2023-02-15 20:14:14.533  INFO 14177 --- [    Test worker] de.bwaldvogel.mongo.MongoServer          : started MongoServer(port: 42141, ssl: false)
2023-02-15 20:14:14.557  INFO 14177 --- [    Test worker] org.mongodb.driver.cluster               : Cluster created with settings {hosts=[127.0.0.1:42141], mode=SINGLE, requiredClusterType=UNKNOWN, serverSelectionTimeout='30000 ms', maxWaitQueueSize=500}
2023-02-15 20:14:14.561  INFO 14177 --- [-server-worker1] d.b.mongo.wire.MongoWireProtocolHandler  : client [id: 0x9e79dcf8, L:/127.0.0.1:42141 - R:/127.0.0.1:33970] connected
2023-02-15 20:14:14.572  INFO 14177 --- [127.0.0.1:42141] org.mongodb.driver.connection            : Opened connection [connectionId{localValue:3}] to 127.0.0.1:42141
2023-02-15 20:14:14.573  INFO 14177 --- [127.0.0.1:42141] org.mongodb.driver.cluster               : Monitor thread successfully connected to server with description ServerDescription{address=127.0.0.1:42141, type=STANDALONE, state=CONNECTED, ok=true, version=ServerVersion{versionList=[3, 0, 0]}, minWireVersion=0, maxWireVersion=2, maxDocumentSize=16777216, logicalSessionTimeoutMinutes=null, roundTripTimeNanos=1171200}
2023-02-15 20:14:14.693  WARN 14177 --- [    Test worker] o.s.data.convert.CustomConversions       : Registering converter from class java.time.LocalDateTime to class java.time.Instant as reading converter although it doesn't convert from a store-supported type! You might wanna check you annotation setup at the converter implementation.
2023-02-15 20:14:14.694  WARN 14177 --- [    Test worker] o.s.data.convert.CustomConversions       : Registering converter from class java.time.Instant to class java.time.LocalDateTime as reading converter although it doesn't convert from a store-supported type! You might wanna check you annotation setup at the converter implementation.
2023-02-15 20:14:14.695  WARN 14177 --- [    Test worker] o.s.data.convert.CustomConversions       : Registering converter from class java.time.LocalDateTime to class java.time.Instant as reading converter although it doesn't convert from a store-supported type! You might wanna check you annotation setup at the converter implementation.
2023-02-15 20:14:14.695  WARN 14177 --- [    Test worker] o.s.data.convert.CustomConversions       : Registering converter from class java.time.Instant to class java.time.LocalDateTime as reading converter although it doesn't convert from a store-supported type! You might wanna check you annotation setup at the converter implementation.
2023-02-15 20:14:15.285  INFO 14177 --- [-server-worker2] d.b.mongo.wire.MongoWireProtocolHandler  : client [id: 0x21e82e10, L:/127.0.0.1:42141 - R:/127.0.0.1:33972] connected
2023-02-15 20:14:15.296  INFO 14177 --- [    Test worker] org.mongodb.driver.connection            : Opened connection [connectionId{localValue:4}] to 127.0.0.1:42141
2023-02-15 20:14:15.297  INFO 14177 --- [-server-worker2] d.b.mongo.backend.AbstractMongoBackend   : created database test
2023-02-15 20:14:15.298  INFO 14177 --- [-server-worker2] d.b.mongo.backend.AbstractMongoDatabase  : adding unique _id index for collection employee
2023-02-15 20:14:15.298  INFO 14177 --- [-server-worker2] d.b.mongo.backend.AbstractMongoDatabase  : created collection test.employee
2023-02-15 20:14:17.064  INFO 14177 --- [    Test worker] o.s.s.concurrent.ThreadPoolTaskExecutor  : Initializing ExecutorService 'applicationTaskExecutor'
2023-02-15 20:14:18.598  WARN 14177 --- [    Test worker] o.s.data.convert.CustomConversions       : Registering converter from class java.time.LocalDateTime to class java.time.Instant as reading converter although it doesn't convert from a store-supported type! You might wanna check you annotation setup at the converter implementation.
2023-02-15 20:14:18.599  WARN 14177 --- [    Test worker] o.s.data.convert.CustomConversions       : Registering converter from class java.time.Instant to class java.time.LocalDateTime as reading converter although it doesn't convert from a store-supported type! You might wanna check you annotation setup at the converter implementation.
2023-02-15 20:14:19.365  WARN 14177 --- [    Test worker] o.s.data.convert.CustomConversions       : Registering converter from class java.time.LocalDateTime to class java.time.Instant as reading converter although it doesn't convert from a store-supported type! You might wanna check you annotation setup at the converter implementation.
2023-02-15 20:14:19.365  WARN 14177 --- [    Test worker] o.s.data.convert.CustomConversions       : Registering converter from class java.time.Instant to class java.time.LocalDateTime as reading converter although it doesn't convert from a store-supported type! You might wanna check you annotation setup at the converter implementation.
2023-02-15 20:14:20.773  INFO 14177 --- [    Test worker] o.s.b.w.embedded.tomcat.TomcatWebServer  : Tomcat started on port(s): 39235 (http) with context path ''
2023-02-15 20:14:20.774  INFO 14177 --- [    Test worker] c.m.c.s.impl.EmployeeServiceImplTest     : Started EmployeeServiceImplTest in 16.654 seconds (JVM running for 63.434)
2023-02-15 20:14:21.958  INFO 14177 --- [o-auto-1-exec-1] o.a.c.c.C.[Tomcat].[localhost].[/]       : Initializing Spring DispatcherServlet 'dispatcherServlet'
2023-02-15 20:14:21.958  INFO 14177 --- [o-auto-1-exec-1] o.s.web.servlet.DispatcherServlet        : Initializing Servlet 'dispatcherServlet'
2023-02-15 20:14:22.118  INFO 14177 --- [o-auto-1-exec-1] o.s.web.servlet.DispatcherServlet        : Completed initialization in 160 ms
2023-02-15 20:14:22.431 DEBUG 14177 --- [o-auto-1-exec-1] c.m.c.controller.EmployeeController      : Received employee create request for [com.mindex.challenge.data.Employee@3adc6509]
2023-02-15 20:14:22.431 DEBUG 14177 --- [o-auto-1-exec-1] c.m.c.service.impl.EmployeeServiceImpl   : Creating employee [com.mindex.challenge.data.Employee@3adc6509]
2023-02-15 20:14:22.529 DEBUG 14177 --- [o-auto-1-exec-2] c.m.c.controller.EmployeeController      : Received employee read request for id [0a94ca71-1654-41e5-90e9-58aaf0f12724]
2023-02-15 20:14:22.529 DEBUG 14177 --- [o-auto-1-exec-2] c.m.c.service.impl.EmployeeServiceImpl   : Creating employee with id [0a94ca71-1654-41e5-90e9-58aaf0f12724]
2023-02-15 20:14:22.542 DEBUG 14177 --- [o-auto-1-exec-3] c.m.c.controller.EmployeeController      : Received employee update request for id [0a94ca71-1654-41e5-90e9-58aaf0f12724] and employee [com.mindex.challenge.data.Employee@30c31af4]
2023-02-15 20:14:22.543 DEBUG 14177 --- [o-auto-1-exec-3] c.m.c.service.impl.EmployeeServiceImpl   : Updating employee [com.mindex.challenge.data.Employee@30c31af4]
]]></system-out>
  <system-err><![CDATA[]]></system-err>
</testsuite>
